<?xml version="1.0" encoding="UTF-8"?>
<!-- Generated by org.testng.reporters.JUnitReportReporter -->
<testsuite hostname="LAPTOP-DE0ETFAO" failures="0" tests="1" name="com.api.test.TC_001_Get" time="16.062" errors="0" timestamp="16 Jan 2022 13:54:25 GMT">
  <testcase classname="com.api.test.TC_001_Get" name="verifyName" time="16.062"/>
</testsuite> <!-- com.api.test.TC_001_Get -->
