<?xml version="1.0" encoding="UTF-8"?>
<!-- Generated by org.testng.reporters.JUnitReportReporter -->
<testsuite hostname="LAPTOP-DE0ETFAO" failures="0" tests="1" name="com.evaluation.testCases.WebAutomation_Case2" time="7.612" errors="0" timestamp="16 Jan 2022 11:28:51 GMT">
  <testcase classname="com.evaluation.testCases.WebAutomation_Case2" name="performSelectListOptions" time="7.612"/>
</testsuite> <!-- com.evaluation.testCases.WebAutomation_Case2 -->
