<?xml version="1.0" encoding="UTF-8"?>
<!-- Generated by org.testng.reporters.JUnitReportReporter -->
<testsuite hostname="LAPTOP-DE0ETFAO" failures="0" tests="1" name="com.evaluation.testCases.WebAutomation_Case1" time="66.129" errors="0" timestamp="16 Jan 2022 09:55:58 GMT">
  <testcase classname="com.evaluation.testCases.WebAutomation_Case1" name="performDragAndDropForWebAutomation" time="66.129"/>
</testsuite> <!-- com.evaluation.testCases.WebAutomation_Case1 -->
