<?xml version="1.0" encoding="UTF-8"?>
<!-- Generated by org.testng.reporters.JUnitReportReporter -->
<testsuite hostname="LAPTOP-DE0ETFAO" failures="0" tests="1" name="com.evaluation.testCases.WebAutomation_Case3" time="20.412" errors="0" timestamp="16 Jan 2022 14:03:47 GMT">
  <testcase classname="com.evaluation.testCases.WebAutomation_Case3" name="performBookOperation" time="20.412"/>
</testsuite> <!-- com.evaluation.testCases.WebAutomation_Case3 -->
